#
# A fatal error has been detected by the Java Runtime Environment:
#
#  EXCEPTION_ACCESS_VIOLATION (0xc0000005) at pc=0x000001f514dbff02, pid=10112, tid=14896
#
# JRE version: OpenJDK Runtime Environment (19.0.1+10) (build 19.0.1+10-21)
# Java VM: OpenJDK 64-Bit Server VM (19.0.1+10-21, mixed mode, sharing, tiered, compressed oops, compressed class ptrs, g1 gc, windows-amd64)
# Problematic frame:
# C  0x000001f514dbff02
#
# No core dump will be written. Minidumps are not enabled by default on client versions of Windows
#
# If you would like to submit a bug report, please visit:
#   https://bugreport.java.com/bugreport/crash.jsp
# The crash happened outside the Java Virtual Machine in native code.
# See problematic frame for where to report the bug.
#

---------------  S U M M A R Y ------------

Command Line: -Djava.library.path=C:\Users\brausj\Desktop\Rendr-main\Rendr\lib\natives -javaagent:C:\Users\brausj\AppData\Local\JetBrains\IntelliJ IDEA 2022.2.3\lib\idea_rt.jar=50877:C:\Users\brausj\AppData\Local\JetBrains\IntelliJ IDEA 2022.2.3\bin -Dfile.encoding=UTF-8 -Dsun.stdout.encoding=UTF-8 -Dsun.stderr.encoding=UTF-8 EngineTest.Test2D

Host: Intel(R) Xeon(R) W-2125 CPU @ 4.00GHz, 8 cores, 31G,  Windows 10 , 64 bit Build 19041 (10.0.19041.1889)
Time: Wed Nov  9 14:23:36 2022 Mitteleuropäische Zeit elapsed time: 0.442632 seconds (0d 0h 0m 0s)

---------------  T H R E A D  ---------------

Current thread (0x000001f55c223bf0):  JavaThread "main" [_thread_in_native, id=14896, stack(0x000000bca5f00000,0x000000bca6000000)]

Stack: [0x000000bca5f00000,0x000000bca6000000],  sp=0x000000bca5ffecc0,  free space=1019k
Native frames: (J=compiled Java code, j=interpreted, Vv=VM code, C=native code)
C  0x000001f514dbff02

Java frames: (J=compiled Java code, j=interpreted, Vv=VM code)
j  org.lwjgl.opengl.GL11.nglDrawElementsBO(IIIJJ)V+0
j  org.lwjgl.opengl.GL11.glDrawElements(IIIJ)V+28
j  RenderEngine.Renderer.render(LEntity/Entity;LShaders/StaticShader;)V+86
j  Engine2D.Window2D.update()V+64
j  EngineTest.Test2D.update()V+10
j  EngineTest.Test2D.main([Ljava/lang/String;)V+55
v  ~StubRoutines::call_stub 0x000001f56b6b100e

siginfo: EXCEPTION_ACCESS_VIOLATION (0xc0000005), reading address 0x0000000000000018


Registers:
RAX=0x000001f50f8e3000, RBX=0x000001f512a20000, RCX=0x0000000000000003, RDX=0x000001f50f0baec4
RSP=0x000000bca5ffecc0, RBP=0x00000000c1c80000, RSI=0x0000000000000018, RDI=0x0000000000000000
R8 =0x000001f50f0baec0, R9 =0x0000000000000006, R10=0x000001f512a9efc0, R11=0x000001f50f0baed8
R12=0x0000000000000006, R13=0x0000000000000078, R14=0x0000000000000000, R15=0x000001f50f8e3000
RIP=0x000001f514dbff02, EFLAGS=0x0000000000010202


Register to memory mapping:

RIP=0x000001f514dbff02 points into unknown readable memory: 8b 3e 8b 6e 04 89
RAX=0x000001f50f8e3000 points into unknown readable memory: 0xc1c8000041c80000 | 00 00 c8 41 00 00 c8 c1
RBX=0x000001f512a20000 points into unknown readable memory: 0x000001f50ec10080 | 80 00 c1 0e f5 01 00 00
RCX=0x0000000000000003 is an unknown value
RDX=0x000001f50f0baec4 points into unknown readable memory: 00 00 00 00
RSP=0x000000bca5ffecc0 is pointing into the stack for thread: 0x000001f55c223bf0
RBP=0x00000000c1c80000 is an unknown value
RSI=0x0000000000000018 is an unknown value
RDI=0x0 is NULL
R8 =0x000001f50f0baec0 points into unknown readable memory: 0x0000000000000003 | 03 00 00 00 00 00 00 00
R9 =0x0000000000000006 is an unknown value
R10=0x000001f512a9efc0 points into unknown readable memory: 0x0000000000000000 | 00 00 00 00 00 00 00 00
R11=0x000001f50f0baed8 points into unknown readable memory: 0x0000000000000000 | 00 00 00 00 00 00 00 00
R12=0x0000000000000006 is an unknown value
R13=0x0000000000000078 is an unknown value
R14=0x0 is NULL
R15=0x000001f50f8e3000 points into unknown readable memory: 0xc1c8000041c80000 | 00 00 c8 41 00 00 c8 c1


Top of Stack: (sp=0x000000bca5ffecc0)
0x000000bca5ffecc0:   0000000000000000 000001f50eec7fd0
0x000000bca5ffecd0:   0000000000000006 0000000000000000
0x000000bca5ffece0:   000001f512a20000 00007fff4f4a1108
0x000000bca5ffecf0:   0000000000000006 000001f50eec7fd0
0x000000bca5ffed00:   0000000000000000 0000000000000000
0x000000bca5ffed10:   0000000000000000 0000000000000000
0x000000bca5ffed20:   0000000000000000 0000000000000000
0x000000bca5ffed30:   0000000000000000 000001f50f8e3000
0x000000bca5ffed40:   0000000000000000 0000000000000000
0x000000bca5ffed50:   000001f50f0baec0 0000000000000006
0x000000bca5ffed60:   000001f514dbfe80 000001f514e1b938
0x000000bca5ffed70:   0000000000000000 000001f50eec7fd0
0x000000bca5ffed80:   0000000000000000 0000000000000000
0x000000bca5ffed90:   0000000000000000 0000000000000000
0x000000bca5ffeda0:   0000000000000000 0000000000000000
0x000000bca5ffedb0:   0000000000000000 00007fff8526ab9f 

Instructions: (pc=0x000001f514dbff02)
0x000001f514dbfe02:   00 00 00 00 00 00 00 00 00 00 00 00 00 00 00 00
0x000001f514dbfe12:   00 00 00 00 00 00 00 00 00 00 00 00 00 00 00 00
0x000001f514dbfe22:   00 00 00 00 00 00 00 00 00 00 00 00 00 00 00 00
0x000001f514dbfe32:   00 00 00 00 00 00 00 00 00 00 00 00 00 00 00 00
0x000001f514dbfe42:   00 00 00 00 00 00 00 00 00 00 00 00 00 00 00 00
0x000001f514dbfe52:   00 00 00 00 00 00 00 00 00 00 00 00 00 00 00 00
0x000001f514dbfe62:   00 00 00 00 00 00 00 00 00 00 00 00 00 00 00 00
0x000001f514dbfe72:   00 00 00 00 00 00 40 ff ff ff 40 fe 00 00 48 83
0x000001f514dbfe82:   ec 28 48 89 6c 24 20 48 89 5c 24 18 48 89 74 24
0x000001f514dbfe92:   10 48 89 7c 24 08 48 8b d9 48 8b c2 49 8b e9 49
0x000001f514dbfea2:   8b d0 48 8d 2c aa 4c 8b dd 8b 0a 49 ba c0 ef a9
0x000001f514dbfeb2:   12 f5 01 00 00 41 03 0a 48 83 c2 04 48 be 00 8d
0x000001f514dbfec2:   a7 12 f5 01 00 00 48 8b 36 48 8b b6 08 03 00 00
0x000001f514dbfed2:   48 8d 3c 49 48 8d 34 be 8b 3e 8b 6e 04 89 38 89
0x000001f514dbfee2:   68 04 8b 7e 08 89 78 08 48 be 00 8d a7 12 f5 01
0x000001f514dbfef2:   00 00 48 8b 36 48 8b b6 38 03 00 00 48 8d 34 ce
0x000001f514dbff02:   8b 3e 8b 6e 04 89 78 0c 89 68 10 48 83 c0 14 49
0x000001f514dbff12:   3b d3 75 95 48 8b 7c 24 08 48 8b 74 24 10 48 8b
0x000001f514dbff22:   5c 24 18 48 8b 6c 24 20 48 83 c4 28 c3 00 00 00
0x000001f514dbff32:   00 00 00 00 00 00 80 ff ff ff c0 00 00 00 55 48
0x000001f514dbff42:   8b ec 53 56 57 4c 8b da 4c 8b d1 49 8b f2 49 8b
0x000001f514dbff52:   fb 41 8b e8 85 ed 0f 84 36 00 00 00 b9 03 00 00
0x000001f514dbff62:   00 0f 8f 05 00 00 00 48 f7 d9 f7 dd 0f b6 5e 02
0x000001f514dbff72:   c1 e3 10 0f b7 16 0b da 48 03 f1 48 83 c7 04 81
0x000001f514dbff82:   e3 ff ff ff 00 81 cb 00 00 00 ff ff cd 89 5f fc
0x000001f514dbff92:   75 da 5f 5e 5b 5d c3 00 00 00 00 00 00 00 00 00
0x000001f514dbffa2:   00 00 00 00 00 00 00 00 00 00 00 00 00 00 00 00
0x000001f514dbffb2:   00 00 00 00 00 00 c0 ff ff ff 80 00 00 00 48 b8
0x000001f514dbffc2:   60 96 ab 12 f5 01 00 00 48 8b 00 49 ba d8 d7 a6
0x000001f514dbffd2:   12 f5 01 00 00 48 83 ec 28 48 83 c4 28 c3 00 00
0x000001f514dbffe2:   00 00 00 00 00 00 00 00 00 00 00 00 00 00 00 00
0x000001f514dbfff2:   00 00 00 00 00 00 00 00 ff ff 40 00 00 00 00 00 


Stack slot to memory mapping:
stack at sp + 0 slots: 0x0 is NULL
stack at sp + 1 slots: 0x000001f50eec7fd0 points into unknown readable memory: 0x0000140400000009 | 09 00 00 00 04 14 00 00
stack at sp + 2 slots: 0x0000000000000006 is an unknown value
stack at sp + 3 slots: 0x0 is NULL
stack at sp + 4 slots: 0x000001f512a20000 points into unknown readable memory: 0x000001f50ec10080 | 80 00 c1 0e f5 01 00 00
stack at sp + 5 slots: 0x00007fff4f4a1108 nvoglv64.dll
stack at sp + 6 slots: 0x0000000000000006 is an unknown value
stack at sp + 7 slots: 0x000001f50eec7fd0 points into unknown readable memory: 0x0000140400000009 | 09 00 00 00 04 14 00 00


---------------  P R O C E S S  ---------------

Threads class SMR info:
_java_thread_list=0x000001f50f2c2080, length=15, elements={
0x000001f55c223bf0, 0x000001f57e75e700, 0x000001f57e75f2f0, 0x000001f57e765150,
0x000001f57e7666a0, 0x000001f57e766be0, 0x000001f57e767120, 0x000001f57e76b110,
0x000001f57e76e6b0, 0x000001f50e1444a0, 0x000001f57e72e460, 0x000001f50e31cd90,
0x000001f50e31d2d0, 0x000001f514dfe110, 0x000001f514e05dc0
}

Java Threads: ( => current thread )
=>0x000001f55c223bf0 JavaThread "main" [_thread_in_native, id=14896, stack(0x000000bca5f00000,0x000000bca6000000)]
  0x000001f57e75e700 JavaThread "Reference Handler" daemon [_thread_blocked, id=12076, stack(0x000000bca6600000,0x000000bca6700000)]
  0x000001f57e75f2f0 JavaThread "Finalizer" daemon [_thread_blocked, id=14648, stack(0x000000bca6700000,0x000000bca6800000)]
  0x000001f57e765150 JavaThread "Signal Dispatcher" daemon [_thread_blocked, id=708, stack(0x000000bca6800000,0x000000bca6900000)]
  0x000001f57e7666a0 JavaThread "Attach Listener" daemon [_thread_blocked, id=7808, stack(0x000000bca6900000,0x000000bca6a00000)]
  0x000001f57e766be0 JavaThread "Service Thread" daemon [_thread_blocked, id=11392, stack(0x000000bca6a00000,0x000000bca6b00000)]
  0x000001f57e767120 JavaThread "Monitor Deflation Thread" daemon [_thread_blocked, id=9364, stack(0x000000bca6b00000,0x000000bca6c00000)]
  0x000001f57e76b110 JavaThread "C2 CompilerThread0" daemon [_thread_blocked, id=8564, stack(0x000000bca6c00000,0x000000bca6d00000)]
  0x000001f57e76e6b0 JavaThread "C1 CompilerThread0" daemon [_thread_blocked, id=14564, stack(0x000000bca6d00000,0x000000bca6e00000)]
  0x000001f50e1444a0 JavaThread "Sweeper thread" daemon [_thread_blocked, id=9488, stack(0x000000bca6e00000,0x000000bca6f00000)]
  0x000001f57e72e460 JavaThread "Common-Cleaner" daemon [_thread_blocked, id=15440, stack(0x000000bca6f00000,0x000000bca7000000)]
  0x000001f50e31cd90 JavaThread "Monitor Ctrl-Break" daemon [_thread_in_native, id=3904, stack(0x000000bca7000000,0x000000bca7100000)]
  0x000001f50e31d2d0 JavaThread "Notification Thread" daemon [_thread_blocked, id=5380, stack(0x000000bca7100000,0x000000bca7200000)]
  0x000001f514dfe110 JavaThread "C2 CompilerThread1" daemon [_thread_blocked, id=12628, stack(0x000000bca7a00000,0x000000bca7b00000)]
  0x000001f514e05dc0 JavaThread "C2 CompilerThread2" daemon [_thread_blocked, id=2308, stack(0x000000bca7b00000,0x000000bca7c00000)]

Other Threads:
  0x000001f57e740870 VMThread "VM Thread" [stack: 0x000000bca6500000,0x000000bca6600000] [id=284]
  0x000001f50e31ecb0 WatcherThread "VM Periodic Task Thread" [stack: 0x000000bca7200000,0x000000bca7300000] [id=10660]
  0x000001f55c2d5880 WorkerThread "GC Thread#0" [stack: 0x000000bca6000000,0x000000bca6100000] [id=8972]
  0x000001f55a1adf50 ConcurrentGCThread "G1 Main Marker" [stack: 0x000000bca6100000,0x000000bca6200000] [id=8204]
  0x000001f55a1ae980 WorkerThread "G1 Conc#0" [stack: 0x000000bca6200000,0x000000bca6300000] [id=15144]
  0x000001f57e5f8930 ConcurrentGCThread "G1 Refine#0" [stack: 0x000000bca6300000,0x000000bca6400000] [id=15428]
  0x000001f57e5f9470 ConcurrentGCThread "G1 Service" [stack: 0x000000bca6400000,0x000000bca6500000] [id=13080]

Threads with active compile tasks:

VM state: not at safepoint (normal execution)

VM Mutex/Monitor currently owned by a thread: None

Heap address: 0x0000000604400000, size: 8124 MB, Compressed Oops mode: Zero based, Oop shift amount: 3

CDS archive(s) mapped at: [0x0000000800000000-0x0000000800c30000-0x0000000800c30000), size 12779520, SharedBaseAddress: 0x0000000800000000, ArchiveRelocationMode: 0.
Compressed class space mapped at: 0x0000000801000000-0x0000000841000000, reserved size: 1073741824
Narrow klass base: 0x0000000800000000, Narrow klass shift: 0, Narrow klass range: 0x100000000

GC Precious Log:
 CardTable entry size: 512
 Card Set container configuration: InlinePtr #cards 4 size 8 Array Of Cards #cards 32 size 80 Howl #buckets 8 coarsen threshold 7372 Howl Bitmap #cards 1024 size 144 coarsen threshold 921 Card regions per heap region 1 cards per card region 8192
 CPUs: 8 total, 8 available
 Memory: 32487M
 Large Page Support: Disabled
 NUMA Support: Disabled
 Compressed Oops: Enabled (Zero based)
 Heap Region Size: 4M
 Heap Min Capacity: 8M
 Heap Initial Capacity: 508M
 Heap Max Capacity: 8124M
 Pre-touch: Disabled
 Parallel Workers: 8
 Concurrent Workers: 2
 Concurrent Refinement Workers: 8
 Periodic GC: Disabled

Heap:
 garbage-first heap   total 520192K, used 8192K [0x0000000604400000, 0x0000000800000000)
  region size 4096K, 3 young (12288K), 0 survivors (0K)
 Metaspace       used 3453K, committed 3648K, reserved 1114112K
  class space    used 233K, committed 320K, reserved 1048576K

Heap Regions: E=young(eden), S=young(survivor), O=old, HS=humongous(starts), HC=humongous(continues), CS=collection set, F=free, OA=open archive, CA=closed archive, TAMS=top-at-mark-start (previous, next)
|   0|0x0000000604400000, 0x0000000604400000, 0x0000000604800000|  0%| F|  |TAMS 0x0000000604400000, 0x0000000604400000| Untracked 
|   1|0x0000000604800000, 0x0000000604800000, 0x0000000604c00000|  0%| F|  |TAMS 0x0000000604800000, 0x0000000604800000| Untracked 
|   2|0x0000000604c00000, 0x0000000604c00000, 0x0000000605000000|  0%| F|  |TAMS 0x0000000604c00000, 0x0000000604c00000| Untracked 
|   3|0x0000000605000000, 0x0000000605000000, 0x0000000605400000|  0%| F|  |TAMS 0x0000000605000000, 0x0000000605000000| Untracked 
|   4|0x0000000605400000, 0x0000000605400000, 0x0000000605800000|  0%| F|  |TAMS 0x0000000605400000, 0x0000000605400000| Untracked 
|   5|0x0000000605800000, 0x0000000605800000, 0x0000000605c00000|  0%| F|  |TAMS 0x0000000605800000, 0x0000000605800000| Untracked 
|   6|0x0000000605c00000, 0x0000000605c00000, 0x0000000606000000|  0%| F|  |TAMS 0x0000000605c00000, 0x0000000605c00000| Untracked 
|   7|0x0000000606000000, 0x0000000606000000, 0x0000000606400000|  0%| F|  |TAMS 0x0000000606000000, 0x0000000606000000| Untracked 
|   8|0x0000000606400000, 0x0000000606400000, 0x0000000606800000|  0%| F|  |TAMS 0x0000000606400000, 0x0000000606400000| Untracked 
|   9|0x0000000606800000, 0x0000000606800000, 0x0000000606c00000|  0%| F|  |TAMS 0x0000000606800000, 0x0000000606800000| Untracked 
|  10|0x0000000606c00000, 0x0000000606c00000, 0x0000000607000000|  0%| F|  |TAMS 0x0000000606c00000, 0x0000000606c00000| Untracked 
|  11|0x0000000607000000, 0x0000000607000000, 0x0000000607400000|  0%| F|  |TAMS 0x0000000607000000, 0x0000000607000000| Untracked 
|  12|0x0000000607400000, 0x0000000607400000, 0x0000000607800000|  0%| F|  |TAMS 0x0000000607400000, 0x0000000607400000| Untracked 
|  13|0x0000000607800000, 0x0000000607800000, 0x0000000607c00000|  0%| F|  |TAMS 0x0000000607800000, 0x0000000607800000| Untracked 
|  14|0x0000000607c00000, 0x0000000607c00000, 0x0000000608000000|  0%| F|  |TAMS 0x0000000607c00000, 0x0000000607c00000| Untracked 
|  15|0x0000000608000000, 0x0000000608000000, 0x0000000608400000|  0%| F|  |TAMS 0x0000000608000000, 0x0000000608000000| Untracked 
|  16|0x0000000608400000, 0x0000000608400000, 0x0000000608800000|  0%| F|  |TAMS 0x0000000608400000, 0x0000000608400000| Untracked 
|  17|0x0000000608800000, 0x0000000608800000, 0x0000000608c00000|  0%| F|  |TAMS 0x0000000608800000, 0x0000000608800000| Untracked 
|  18|0x0000000608c00000, 0x0000000608c00000, 0x0000000609000000|  0%| F|  |TAMS 0x0000000608c00000, 0x0000000608c00000| Untracked 
|  19|0x0000000609000000, 0x0000000609000000, 0x0000000609400000|  0%| F|  |TAMS 0x0000000609000000, 0x0000000609000000| Untracked 
|  20|0x0000000609400000, 0x0000000609400000, 0x0000000609800000|  0%| F|  |TAMS 0x0000000609400000, 0x0000000609400000| Untracked 
|  21|0x0000000609800000, 0x0000000609800000, 0x0000000609c00000|  0%| F|  |TAMS 0x0000000609800000, 0x0000000609800000| Untracked 
|  22|0x0000000609c00000, 0x0000000609c00000, 0x000000060a000000|  0%| F|  |TAMS 0x0000000609c00000, 0x0000000609c00000| Untracked 
|  23|0x000000060a000000, 0x000000060a000000, 0x000000060a400000|  0%| F|  |TAMS 0x000000060a000000, 0x000000060a000000| Untracked 
|  24|0x000000060a400000, 0x000000060a400000, 0x000000060a800000|  0%| F|  |TAMS 0x000000060a400000, 0x000000060a400000| Untracked 
|  25|0x000000060a800000, 0x000000060a800000, 0x000000060ac00000|  0%| F|  |TAMS 0x000000060a800000, 0x000000060a800000| Untracked 
|  26|0x000000060ac00000, 0x000000060ac00000, 0x000000060b000000|  0%| F|  |TAMS 0x000000060ac00000, 0x000000060ac00000| Untracked 
|  27|0x000000060b000000, 0x000000060b000000, 0x000000060b400000|  0%| F|  |TAMS 0x000000060b000000, 0x000000060b000000| Untracked 
|  28|0x000000060b400000, 0x000000060b400000, 0x000000060b800000|  0%| F|  |TAMS 0x000000060b400000, 0x000000060b400000| Untracked 
|  29|0x000000060b800000, 0x000000060b800000, 0x000000060bc00000|  0%| F|  |TAMS 0x000000060b800000, 0x000000060b800000| Untracked 
|  30|0x000000060bc00000, 0x000000060bc00000, 0x000000060c000000|  0%| F|  |TAMS 0x000000060bc00000, 0x000000060bc00000| Untracked 
|  31|0x000000060c000000, 0x000000060c000000, 0x000000060c400000|  0%| F|  |TAMS 0x000000060c000000, 0x000000060c000000| Untracked 
|  32|0x000000060c400000, 0x000000060c400000, 0x000000060c800000|  0%| F|  |TAMS 0x000000060c400000, 0x000000060c400000| Untracked 
|  33|0x000000060c800000, 0x000000060c800000, 0x000000060cc00000|  0%| F|  |TAMS 0x000000060c800000, 0x000000060c800000| Untracked 
|  34|0x000000060cc00000, 0x000000060cc00000, 0x000000060d000000|  0%| F|  |TAMS 0x000000060cc00000, 0x000000060cc00000| Untracked 
|  35|0x000000060d000000, 0x000000060d000000, 0x000000060d400000|  0%| F|  |TAMS 0x000000060d000000, 0x000000060d000000| Untracked 
|  36|0x000000060d400000, 0x000000060d400000, 0x000000060d800000|  0%| F|  |TAMS 0x000000060d400000, 0x000000060d400000| Untracked 
|  37|0x000000060d800000, 0x000000060d800000, 0x000000060dc00000|  0%| F|  |TAMS 0x000000060d800000, 0x000000060d800000| Untracked 
|  38|0x000000060dc00000, 0x000000060dc00000, 0x000000060e000000|  0%| F|  |TAMS 0x000000060dc00000, 0x000000060dc00000| Untracked 
|  39|0x000000060e000000, 0x000000060e000000, 0x000000060e400000|  0%| F|  |TAMS 0x000000060e000000, 0x000000060e000000| Untracked 
|  40|0x000000060e400000, 0x000000060e400000, 0x000000060e800000|  0%| F|  |TAMS 0x000000060e400000, 0x000000060e400000| Untracked 
|  41|0x000000060e800000, 0x000000060e800000, 0x000000060ec00000|  0%| F|  |TAMS 0x000000060e800000, 0x000000060e800000| Untracked 
|  42|0x000000060ec00000, 0x000000060ec00000, 0x000000060f000000|  0%| F|  |TAMS 0x000000060ec00000, 0x000000060ec00000| Untracked 
|  43|0x000000060f000000, 0x000000060f000000, 0x000000060f400000|  0%| F|  |TAMS 0x000000060f000000, 0x000000060f000000| Untracked 
|  44|0x000000060f400000, 0x000000060f400000, 0x000000060f800000|  0%| F|  |TAMS 0x000000060f400000, 0x000000060f400000| Untracked 
|  45|0x000000060f800000, 0x000000060f800000, 0x000000060fc00000|  0%| F|  |TAMS 0x000000060f800000, 0x000000060f800000| Untracked 
|  46|0x000000060fc00000, 0x000000060fc00000, 0x0000000610000000|  0%| F|  |TAMS 0x000000060fc00000, 0x000000060fc00000| Untracked 
|  47|0x0000000610000000, 0x0000000610000000, 0x0000000610400000|  0%| F|  |TAMS 0x0000000610000000, 0x0000000610000000| Untracked 
|  48|0x0000000610400000, 0x0000000610400000, 0x0000000610800000|  0%| F|  |TAMS 0x0000000610400000, 0x0000000610400000| Untracked 
|  49|0x0000000610800000, 0x0000000610800000, 0x0000000610c00000|  0%| F|  |TAMS 0x0000000610800000, 0x0000000610800000| Untracked 
|  50|0x0000000610c00000, 0x0000000610c00000, 0x0000000611000000|  0%| F|  |TAMS 0x0000000610c00000, 0x0000000610c00000| Untracked 
|  51|0x0000000611000000, 0x0000000611000000, 0x0000000611400000|  0%| F|  |TAMS 0x0000000611000000, 0x0000000611000000| Untracked 
|  52|0x0000000611400000, 0x0000000611400000, 0x0000000611800000|  0%| F|  |TAMS 0x0000000611400000, 0x0000000611400000| Untracked 
|  53|0x0000000611800000, 0x0000000611800000, 0x0000000611c00000|  0%| F|  |TAMS 0x0000000611800000, 0x0000000611800000| Untracked 
|  54|0x0000000611c00000, 0x0000000611c00000, 0x0000000612000000|  0%| F|  |TAMS 0x0000000611c00000, 0x0000000611c00000| Untracked 
|  55|0x0000000612000000, 0x0000000612000000, 0x0000000612400000|  0%| F|  |TAMS 0x0000000612000000, 0x0000000612000000| Untracked 
|  56|0x0000000612400000, 0x0000000612400000, 0x0000000612800000|  0%| F|  |TAMS 0x0000000612400000, 0x0000000612400000| Untracked 
|  57|0x0000000612800000, 0x0000000612800000, 0x0000000612c00000|  0%| F|  |TAMS 0x0000000612800000, 0x0000000612800000| Untracked 
|  58|0x0000000612c00000, 0x0000000612c00000, 0x0000000613000000|  0%| F|  |TAMS 0x0000000612c00000, 0x0000000612c00000| Untracked 
|  59|0x0000000613000000, 0x0000000613000000, 0x0000000613400000|  0%| F|  |TAMS 0x0000000613000000, 0x0000000613000000| Untracked 
|  60|0x0000000613400000, 0x0000000613400000, 0x0000000613800000|  0%| F|  |TAMS 0x0000000613400000, 0x0000000613400000| Untracked 
|  61|0x0000000613800000, 0x0000000613800000, 0x0000000613c00000|  0%| F|  |TAMS 0x0000000613800000, 0x0000000613800000| Untracked 
|  62|0x0000000613c00000, 0x0000000613c00000, 0x0000000614000000|  0%| F|  |TAMS 0x0000000613c00000, 0x0000000613c00000| Untracked 
|  63|0x0000000614000000, 0x0000000614000000, 0x0000000614400000|  0%| F|  |TAMS 0x0000000614000000, 0x0000000614000000| Untracked 
|  64|0x0000000614400000, 0x0000000614400000, 0x0000000614800000|  0%| F|  |TAMS 0x0000000614400000, 0x0000000614400000| Untracked 
|  65|0x0000000614800000, 0x0000000614800000, 0x0000000614c00000|  0%| F|  |TAMS 0x0000000614800000, 0x0000000614800000| Untracked 
|  66|0x0000000614c00000, 0x0000000614c00000, 0x0000000615000000|  0%| F|  |TAMS 0x0000000614c00000, 0x0000000614c00000| Untracked 
|  67|0x0000000615000000, 0x0000000615000000, 0x0000000615400000|  0%| F|  |TAMS 0x0000000615000000, 0x0000000615000000| Untracked 
|  68|0x0000000615400000, 0x0000000615400000, 0x0000000615800000|  0%| F|  |TAMS 0x0000000615400000, 0x0000000615400000| Untracked 
|  69|0x0000000615800000, 0x0000000615800000, 0x0000000615c00000|  0%| F|  |TAMS 0x0000000615800000, 0x0000000615800000| Untracked 
|  70|0x0000000615c00000, 0x0000000615c00000, 0x0000000616000000|  0%| F|  |TAMS 0x0000000615c00000, 0x0000000615c00000| Untracked 
|  71|0x0000000616000000, 0x0000000616000000, 0x0000000616400000|  0%| F|  |TAMS 0x0000000616000000, 0x0000000616000000| Untracked 
|  72|0x0000000616400000, 0x0000000616400000, 0x0000000616800000|  0%| F|  |TAMS 0x0000000616400000, 0x0000000616400000| Untracked 
|  73|0x0000000616800000, 0x0000000616800000, 0x0000000616c00000|  0%| F|  |TAMS 0x0000000616800000, 0x0000000616800000| Untracked 
|  74|0x0000000616c00000, 0x0000000616c00000, 0x0000000617000000|  0%| F|  |TAMS 0x0000000616c00000, 0x0000000616c00000| Untracked 
|  75|0x0000000617000000, 0x0000000617000000, 0x0000000617400000|  0%| F|  |TAMS 0x0000000617000000, 0x0000000617000000| Untracked 
|  76|0x0000000617400000, 0x0000000617400000, 0x0000000617800000|  0%| F|  |TAMS 0x0000000617400000, 0x0000000617400000| Untracked 
|  77|0x0000000617800000, 0x0000000617800000, 0x0000000617c00000|  0%| F|  |TAMS 0x0000000617800000, 0x0000000617800000| Untracked 
|  78|0x0000000617c00000, 0x0000000617c00000, 0x0000000618000000|  0%| F|  |TAMS 0x0000000617c00000, 0x0000000617c00000| Untracked 
|  79|0x0000000618000000, 0x0000000618000000, 0x0000000618400000|  0%| F|  |TAMS 0x0000000618000000, 0x0000000618000000| Untracked 
|  80|0x0000000618400000, 0x0000000618400000, 0x0000000618800000|  0%| F|  |TAMS 0x0000000618400000, 0x0000000618400000| Untracked 
|  81|0x0000000618800000, 0x0000000618800000, 0x0000000618c00000|  0%| F|  |TAMS 0x0000000618800000, 0x0000000618800000| Untracked 
|  82|0x0000000618c00000, 0x0000000618c00000, 0x0000000619000000|  0%| F|  |TAMS 0x0000000618c00000, 0x0000000618c00000| Untracked 
|  83|0x0000000619000000, 0x0000000619000000, 0x0000000619400000|  0%| F|  |TAMS 0x0000000619000000, 0x0000000619000000| Untracked 
|  84|0x0000000619400000, 0x0000000619400000, 0x0000000619800000|  0%| F|  |TAMS 0x0000000619400000, 0x0000000619400000| Untracked 
|  85|0x0000000619800000, 0x0000000619800000, 0x0000000619c00000|  0%| F|  |TAMS 0x0000000619800000, 0x0000000619800000| Untracked 
|  86|0x0000000619c00000, 0x0000000619c00000, 0x000000061a000000|  0%| F|  |TAMS 0x0000000619c00000, 0x0000000619c00000| Untracked 
|  87|0x000000061a000000, 0x000000061a000000, 0x000000061a400000|  0%| F|  |TAMS 0x000000061a000000, 0x000000061a000000| Untracked 
|  88|0x000000061a400000, 0x000000061a400000, 0x000000061a800000|  0%| F|  |TAMS 0x000000061a400000, 0x000000061a400000| Untracked 
|  89|0x000000061a800000, 0x000000061a800000, 0x000000061ac00000|  0%| F|  |TAMS 0x000000061a800000, 0x000000061a800000| Untracked 
|  90|0x000000061ac00000, 0x000000061ac00000, 0x000000061b000000|  0%| F|  |TAMS 0x000000061ac00000, 0x000000061ac00000| Untracked 
|  91|0x000000061b000000, 0x000000061b000000, 0x000000061b400000|  0%| F|  |TAMS 0x000000061b000000, 0x000000061b000000| Untracked 
|  92|0x000000061b400000, 0x000000061b400000, 0x000000061b800000|  0%| F|  |TAMS 0x000000061b400000, 0x000000061b400000| Untracked 
|  93|0x000000061b800000, 0x000000061b800000, 0x000000061bc00000|  0%| F|  |TAMS 0x000000061b800000, 0x000000061b800000| Untracked 
|  94|0x000000061bc00000, 0x000000061bc00000, 0x000000061c000000|  0%| F|  |TAMS 0x000000061bc00000, 0x000000061bc00000| Untracked 
|  95|0x000000061c000000, 0x000000061c000000, 0x000000061c400000|  0%| F|  |TAMS 0x000000061c000000, 0x000000061c000000| Untracked 
|  96|0x000000061c400000, 0x000000061c400000, 0x000000061c800000|  0%| F|  |TAMS 0x000000061c400000, 0x000000061c400000| Untracked 
|  97|0x000000061c800000, 0x000000061c800000, 0x000000061cc00000|  0%| F|  |TAMS 0x000000061c800000, 0x000000061c800000| Untracked 
|  98|0x000000061cc00000, 0x000000061cc00000, 0x000000061d000000|  0%| F|  |TAMS 0x000000061cc00000, 0x000000061cc00000| Untracked 
|  99|0x000000061d000000, 0x000000061d000000, 0x000000061d400000|  0%| F|  |TAMS 0x000000061d000000, 0x000000061d000000| Untracked 
| 100|0x000000061d400000, 0x000000061d400000, 0x000000061d800000|  0%| F|  |TAMS 0x000000061d400000, 0x000000061d400000| Untracked 
| 101|0x000000061d800000, 0x000000061d800000, 0x000000061dc00000|  0%| F|  |TAMS 0x000000061d800000, 0x000000061d800000| Untracked 
| 102|0x000000061dc00000, 0x000000061dc00000, 0x000000061e000000|  0%| F|  |TAMS 0x000000061dc00000, 0x000000061dc00000| Untracked 
| 103|0x000000061e000000, 0x000000061e000000, 0x000000061e400000|  0%| F|  |TAMS 0x000000061e000000, 0x000000061e000000| Untracked 
| 104|0x000000061e400000, 0x000000061e400000, 0x000000061e800000|  0%| F|  |TAMS 0x000000061e400000, 0x000000061e400000| Untracked 
| 105|0x000000061e800000, 0x000000061e800000, 0x000000061ec00000|  0%| F|  |TAMS 0x000000061e800000, 0x000000061e800000| Untracked 
| 106|0x000000061ec00000, 0x000000061ec00000, 0x000000061f000000|  0%| F|  |TAMS 0x000000061ec00000, 0x000000061ec00000| Untracked 
| 107|0x000000061f000000, 0x000000061f000000, 0x000000061f400000|  0%| F|  |TAMS 0x000000061f000000, 0x000000061f000000| Untracked 
| 108|0x000000061f400000, 0x000000061f400000, 0x000000061f800000|  0%| F|  |TAMS 0x000000061f400000, 0x000000061f400000| Untracked 
| 109|0x000000061f800000, 0x000000061f800000, 0x000000061fc00000|  0%| F|  |TAMS 0x000000061f800000, 0x000000061f800000| Untracked 
| 110|0x000000061fc00000, 0x000000061fc00000, 0x0000000620000000|  0%| F|  |TAMS 0x000000061fc00000, 0x000000061fc00000| Untracked 
| 111|0x0000000620000000, 0x0000000620000000, 0x0000000620400000|  0%| F|  |TAMS 0x0000000620000000, 0x0000000620000000| Untracked 
| 112|0x0000000620400000, 0x0000000620400000, 0x0000000620800000|  0%| F|  |TAMS 0x0000000620400000, 0x0000000620400000| Untracked 
| 113|0x0000000620800000, 0x0000000620800000, 0x0000000620c00000|  0%| F|  |TAMS 0x0000000620800000, 0x0000000620800000| Untracked 
| 114|0x0000000620c00000, 0x0000000620c00000, 0x0000000621000000|  0%| F|  |TAMS 0x0000000620c00000, 0x0000000620c00000| Untracked 
| 115|0x0000000621000000, 0x0000000621000000, 0x0000000621400000|  0%| F|  |TAMS 0x0000000621000000, 0x0000000621000000| Untracked 
| 116|0x0000000621400000, 0x0000000621400000, 0x0000000621800000|  0%| F|  |TAMS 0x0000000621400000, 0x0000000621400000| Untracked 
| 117|0x0000000621800000, 0x0000000621800000, 0x0000000621c00000|  0%| F|  |TAMS 0x0000000621800000, 0x0000000621800000| Untracked 
| 118|0x0000000621c00000, 0x0000000621c00000, 0x0000000622000000|  0%| F|  |TAMS 0x0000000621c00000, 0x0000000621c00000| Untracked 
| 119|0x0000000622000000, 0x0000000622000000, 0x0000000622400000|  0%| F|  |TAMS 0x0000000622000000, 0x0000000622000000| Untracked 
| 120|0x0000000622400000, 0x0000000622400000, 0x0000000622800000|  0%| F|  |TAMS 0x0000000622400000, 0x0000000622400000| Untracked 
| 121|0x0000000622800000, 0x0000000622800000, 0x0000000622c00000|  0%| F|  |TAMS 0x0000000622800000, 0x0000000622800000| Untracked 
| 122|0x0000000622c00000, 0x0000000622c00000, 0x0000000623000000|  0%| F|  |TAMS 0x0000000622c00000, 0x0000000622c00000| Untracked 
| 123|0x0000000623000000, 0x0000000623000000, 0x0000000623400000|  0%| F|  |TAMS 0x0000000623000000, 0x0000000623000000| Untracked 
| 124|0x0000000623400000, 0x000000062347b638, 0x0000000623800000| 12%| E|  |TAMS 0x0000000623400000, 0x0000000623400000| Complete 
| 125|0x0000000623800000, 0x0000000623c00000, 0x0000000623c00000|100%| E|CS|TAMS 0x0000000623800000, 0x0000000623800000| Complete 
| 126|0x0000000623c00000, 0x0000000624000000, 0x0000000624000000|100%| E|CS|TAMS 0x0000000623c00000, 0x0000000623c00000| Complete 

Card table byte_map: [0x000001f5744a0000,0x000001f575480000] _byte_map_base: 0x000001f57147e000

Marking Bits (Prev, Next): (CMBitMap*) 0x000001f55c2d6ec0, (CMBitMap*) 0x000001f55c2d6f00
 Prev Bits: [0x000001f576460000, 0x000001f57e350000)
 Next Bits: [0x000001f500000000, 0x000001f507ef0000)

Polling page: 0x000001f55a1f0000

Metaspace:

Usage:
  Non-class:      3.14 MB used.
      Class:    233.04 KB used.
       Both:      3.37 MB used.

Virtual space:
  Non-class space:       64.00 MB reserved,       3.25 MB (  5%) committed,  1 nodes.
      Class space:        1.00 GB reserved,     320.00 KB ( <1%) committed,  1 nodes.
             Both:        1.06 GB reserved,       3.56 MB ( <1%) committed. 

Chunk freelists:
   Non-Class:  2.73 MB
       Class:  3.64 MB
        Both:  6.37 MB

MaxMetaspaceSize: unlimited
CompressedClassSpaceSize: 1.00 GB
Initial GC threshold: 21.00 MB
Current GC threshold: 21.00 MB
CDS: on
MetaspaceReclaimPolicy: balanced
 - commit_granule_bytes: 65536.
 - commit_granule_words: 8192.
 - virtual_space_node_default_size: 8388608.
 - enlarge_chunks_in_place: 1.
 - new_chunks_are_fully_committed: 0.
 - uncommit_free_chunks: 1.
 - use_allocation_guard: 0.


Internal statistics:

num_allocs_failed_limit: 0.
num_arena_births: 48.
num_arena_deaths: 0.
num_vsnodes_births: 2.
num_vsnodes_deaths: 0.
num_space_committed: 55.
num_space_uncommitted: 0.
num_chunks_returned_to_freelist: 0.
num_chunks_taken_from_freelist: 109.
num_chunk_merges: 0.
num_chunk_splits: 67.
num_chunks_enlarged: 45.
num_inconsistent_stats: 0.

CodeHeap 'non-profiled nmethods': size=120000Kb used=204Kb max_used=204Kb free=119795Kb
 bounds [0x000001f56bc50000, 0x000001f56bec0000, 0x000001f573180000]
CodeHeap 'profiled nmethods': size=120000Kb used=955Kb max_used=955Kb free=119044Kb
 bounds [0x000001f564180000, 0x000001f5643f0000, 0x000001f56b6b0000]
CodeHeap 'non-nmethods': size=5760Kb used=1323Kb max_used=1345Kb free=4436Kb
 bounds [0x000001f56b6b0000, 0x000001f56b920000, 0x000001f56bc50000]
 total_blobs=1232 nmethods=675 adapters=468
 compilation: enabled
              stopped_count=0, restarted_count=0
 full_count=0

Compilation events (20 events):
Event: 0.416 Thread 0x000001f57e76e6b0  666  s    3       jdk.internal.loader.Resource::cachedInputStream (20 bytes)
Event: 0.416 Thread 0x000001f57e76e6b0 nmethod 666 0x000001f564269a10 code [0x000001f564269bc0, 0x000001f564269ee8]
Event: 0.416 Thread 0x000001f57e76e6b0  667       3       java.security.CodeSource::getCertificates (98 bytes)
Event: 0.416 Thread 0x000001f57e76e6b0 nmethod 667 0x000001f564269f90 code [0x000001f56426a200, 0x000001f56426add8]
Event: 0.416 Thread 0x000001f57e76e6b0  668       3       java.net.URL::isBuiltinStreamHandler (32 bytes)
Event: 0.417 Thread 0x000001f57e76e6b0 nmethod 668 0x000001f56426b090 code [0x000001f56426b2e0, 0x000001f56426bb78]
Event: 0.417 Thread 0x000001f57e76e6b0  669       3       java.net.URL::isBuiltinStreamHandler (8 bytes)
Event: 0.417 Thread 0x000001f57e76e6b0 nmethod 669 0x000001f56426be90 code [0x000001f56426c040, 0x000001f56426c208]
Event: 0.421 Thread 0x000001f57e76e6b0  670       3       sun.net.www.ParseUtil::encodePath (41 bytes)
Event: 0.421 Thread 0x000001f57e76e6b0 nmethod 670 0x000001f56426c310 code [0x000001f56426c4e0, 0x000001f56426c748]
Event: 0.421 Thread 0x000001f57e76e6b0  671       3       java.lang.String::indexOf (18 bytes)
Event: 0.421 Thread 0x000001f57e76e6b0 nmethod 671 0x000001f56426c810 code [0x000001f56426c9e0, 0x000001f56426cca8]
Event: 0.421 Thread 0x000001f57e76e6b0  673       3       java.util.WeakHashMap::getTable (9 bytes)
Event: 0.421 Thread 0x000001f57e76e6b0 nmethod 673 0x000001f56426ce10 code [0x000001f56426cfc0, 0x000001f56426d108]
Event: 0.421 Thread 0x000001f57e76e6b0  674   !   3       java.util.WeakHashMap::expungeStaleEntries (139 bytes)
Event: 0.421 Thread 0x000001f57e76e6b0 nmethod 674 0x000001f56426d190 code [0x000001f56426d3a0, 0x000001f56426dc68]
Event: 0.421 Thread 0x000001f57e76e6b0  675       3       java.util.WeakHashMap::indexFor (6 bytes)
Event: 0.421 Thread 0x000001f57e76e6b0 nmethod 675 0x000001f56426e090 code [0x000001f56426e220, 0x000001f56426e318]
Event: 0.421 Thread 0x000001f57e76e6b0  672       3       java.lang.String::indexOf (113 bytes)
Event: 0.422 Thread 0x000001f57e76e6b0 nmethod 672 0x000001f56426e390 code [0x000001f56426e5c0, 0x000001f56426ebe8]

GC Heap History (0 events):
No events

Dll operation events (13 events):
Event: 0.004 Loaded shared library C:\Users\brausj\.jdks\openjdk-19.0.1\bin\java.dll
Event: 0.014 Loaded shared library C:\Users\brausj\.jdks\openjdk-19.0.1\bin\jsvml.dll
Event: 0.052 Loaded shared library C:\Users\brausj\.jdks\openjdk-19.0.1\bin\zip.dll
Event: 0.053 Loaded shared library C:\Users\brausj\.jdks\openjdk-19.0.1\bin\instrument.dll
Event: 0.056 Loaded shared library C:\Users\brausj\.jdks\openjdk-19.0.1\bin\net.dll
Event: 0.058 Loaded shared library C:\Users\brausj\.jdks\openjdk-19.0.1\bin\nio.dll
Event: 0.062 Loaded shared library C:\Users\brausj\.jdks\openjdk-19.0.1\bin\zip.dll
Event: 0.072 Loaded shared library C:\Users\brausj\AppData\Local\JetBrains\IntelliJ IDEA 2022.2.3\bin\breakgen64.dll
Event: 0.077 Loaded shared library C:\Users\brausj\.jdks\openjdk-19.0.1\bin\extnet.dll
Event: 0.082 Loaded shared library C:\Users\brausj\.jdks\openjdk-19.0.1\bin\verify.dll
Event: 0.094 Loaded shared library C:\Users\brausj\Desktop\Rendr-main\Rendr\lib\natives\lwjgl64.dll
Event: 0.344 Loaded shared library C:\Users\brausj\.jdks\openjdk-19.0.1\bin\jimage.dll
Event: 0.395 Loaded shared library C:\Users\brausj\.jdks\openjdk-19.0.1\bin\awt.dll

Deoptimization events (20 events):
Event: 0.408 Thread 0x000001f55c223bf0 DEOPT PACKING pc=0x000001f56425fbd3 sp=0x000000bca5ffeea0
Event: 0.408 Thread 0x000001f55c223bf0 DEOPT UNPACKING pc=0x000001f56b717543 sp=0x000000bca5ffe328 mode 0
Event: 0.408 Thread 0x000001f55c223bf0 DEOPT PACKING pc=0x000001f56425fbd3 sp=0x000000bca5ffeea0
Event: 0.408 Thread 0x000001f55c223bf0 DEOPT UNPACKING pc=0x000001f56b717543 sp=0x000000bca5ffe328 mode 0
Event: 0.408 Thread 0x000001f55c223bf0 DEOPT PACKING pc=0x000001f56425fbd3 sp=0x000000bca5ffeea0
Event: 0.408 Thread 0x000001f55c223bf0 DEOPT UNPACKING pc=0x000001f56b717543 sp=0x000000bca5ffe328 mode 0
Event: 0.408 Thread 0x000001f55c223bf0 DEOPT PACKING pc=0x000001f56425fbd3 sp=0x000000bca5ffeea0
Event: 0.408 Thread 0x000001f55c223bf0 DEOPT UNPACKING pc=0x000001f56b717543 sp=0x000000bca5ffe328 mode 0
Event: 0.408 Thread 0x000001f55c223bf0 DEOPT PACKING pc=0x000001f56425fbd3 sp=0x000000bca5ffeea0
Event: 0.408 Thread 0x000001f55c223bf0 DEOPT UNPACKING pc=0x000001f56b717543 sp=0x000000bca5ffe328 mode 0
Event: 0.408 Thread 0x000001f55c223bf0 DEOPT PACKING pc=0x000001f56425fbd3 sp=0x000000bca5ffeea0
Event: 0.408 Thread 0x000001f55c223bf0 DEOPT UNPACKING pc=0x000001f56b717543 sp=0x000000bca5ffe328 mode 0
Event: 0.408 Thread 0x000001f55c223bf0 DEOPT PACKING pc=0x000001f56425fbd3 sp=0x000000bca5ffeea0
Event: 0.408 Thread 0x000001f55c223bf0 DEOPT UNPACKING pc=0x000001f56b717543 sp=0x000000bca5ffe328 mode 0
Event: 0.408 Thread 0x000001f55c223bf0 DEOPT PACKING pc=0x000001f56425fbd3 sp=0x000000bca5ffeea0
Event: 0.408 Thread 0x000001f55c223bf0 DEOPT UNPACKING pc=0x000001f56b717543 sp=0x000000bca5ffe328 mode 0
Event: 0.408 Thread 0x000001f55c223bf0 DEOPT PACKING pc=0x000001f56425fbd3 sp=0x000000bca5ffeea0
Event: 0.408 Thread 0x000001f55c223bf0 DEOPT UNPACKING pc=0x000001f56b717543 sp=0x000000bca5ffe328 mode 0
Event: 0.408 Thread 0x000001f55c223bf0 DEOPT PACKING pc=0x000001f56425fbd3 sp=0x000000bca5ffeea0
Event: 0.408 Thread 0x000001f55c223bf0 DEOPT UNPACKING pc=0x000001f56b717543 sp=0x000000bca5ffe328 mode 0

Classes loaded (20 events):
Event: 0.395 Loading class java/awt/color/ICC_ProfileRGB
Event: 0.395 Loading class java/awt/color/ICC_ProfileRGB done
Event: 0.395 Loading class sun/java2d/cmm/ProfileDeferralInfo
Event: 0.395 Loading class sun/java2d/cmm/ProfileDeferralInfo done
Event: 0.395 Loading class java/awt/color/ICC_ProfileGray
Event: 0.395 Loading class java/awt/color/ICC_ProfileGray done
Event: 0.395 Loading class java/awt/image/DataBuffer
Event: 0.395 Loading class java/awt/image/DataBuffer done
Event: 0.396 Loading class java/awt/image/DataBuffer$1
Event: 0.396 Loading class sun/awt/image/SunWritableRaster$DataStealer
Event: 0.396 Loading class sun/awt/image/SunWritableRaster$DataStealer done
Event: 0.396 Loading class java/awt/image/DataBuffer$1 done
Event: 0.396 Loading class sun/awt/image/SunWritableRaster
Event: 0.396 Loading class java/awt/image/WritableRaster
Event: 0.396 Loading class java/awt/image/Raster
Event: 0.396 Loading class java/awt/image/Raster done
Event: 0.396 Loading class java/awt/image/WritableRaster done
Event: 0.396 Loading class sun/awt/image/SunWritableRaster done
Event: 0.396 Loading class sun/nio/ch/IOStatus
Event: 0.396 Loading class sun/nio/ch/IOStatus done

Classes unloaded (0 events):
No events

Classes redefined (0 events):
No events

Internal exceptions (4 events):
Event: 0.066 Thread 0x000001f55c223bf0 Exception <a 'java/lang/NoSuchMethodError'{0x0000000623f36490}: 'void java.lang.invoke.DirectMethodHandle$Holder.invokeStatic(java.lang.Object, java.lang.Object, java.lang.Object)'> (0x0000000623f36490) 
thrown [s\open\src\hotspot\share\interpreter\linkResolver.cpp, line 774]
Event: 0.070 Thread 0x000001f55c223bf0 Exception <a 'java/lang/NoSuchMethodError'{0x0000000623f4ea88}: 'java.lang.Object java.lang.invoke.Invokers$Holder.invokeExact_MT(java.lang.Object, java.lang.Object, java.lang.Object, java.lang.Object, java.lang.Object)'> (0x0000000623f4ea88) 
thrown [s\open\src\hotspot\share\interpreter\linkResolver.cpp, line 774]
Event: 0.078 Thread 0x000001f50e31cd90 Exception <a 'java/lang/NoSuchMethodError'{0x0000000623f63b28}: 'void java.lang.invoke.DirectMethodHandle$Holder.invokeStatic(java.lang.Object, java.lang.Object)'> (0x0000000623f63b28) 
thrown [s\open\src\hotspot\share\interpreter\linkResolver.cpp, line 774]
Event: 0.198 Thread 0x000001f55c223bf0 Exception <a 'java/lang/NoSuchMethodError'{0x00000006238bacb8}: 'int java.lang.invoke.Invokers$Holder.invokeExact_MT(java.lang.Object, java.lang.Object)'> (0x00000006238bacb8) 
thrown [s\open\src\hotspot\share\interpreter\linkResolver.cpp, line 774]

VM Operations (8 events):
Event: 0.045 Executing VM operation: HandshakeAllThreads
Event: 0.045 Executing VM operation: HandshakeAllThreads done
Event: 0.074 Executing VM operation: HandshakeAllThreads
Event: 0.074 Executing VM operation: HandshakeAllThreads done
Event: 0.320 Executing VM operation: HandshakeAllThreads
Event: 0.320 Executing VM operation: HandshakeAllThreads done
Event: 0.350 Executing VM operation: HandshakeAllThreads
Event: 0.350 Executing VM operation: HandshakeAllThreads done

Events (15 events):
Event: 0.014 Thread 0x000001f55c223bf0 Thread added: 0x000001f55c223bf0
Event: 0.025 Thread 0x000001f57e75e700 Thread added: 0x000001f57e75e700
Event: 0.025 Thread 0x000001f57e75f2f0 Thread added: 0x000001f57e75f2f0
Event: 0.025 Thread 0x000001f57e765150 Thread added: 0x000001f57e765150
Event: 0.025 Thread 0x000001f57e7666a0 Thread added: 0x000001f57e7666a0
Event: 0.025 Thread 0x000001f57e766be0 Thread added: 0x000001f57e766be0
Event: 0.025 Thread 0x000001f57e767120 Thread added: 0x000001f57e767120
Event: 0.026 Thread 0x000001f57e76b110 Thread added: 0x000001f57e76b110
Event: 0.026 Thread 0x000001f57e76e6b0 Thread added: 0x000001f57e76e6b0
Event: 0.026 Thread 0x000001f50e1444a0 Thread added: 0x000001f50e1444a0
Event: 0.041 Thread 0x000001f57e72e460 Thread added: 0x000001f57e72e460
Event: 0.072 Thread 0x000001f50e31cd90 Thread added: 0x000001f50e31cd90
Event: 0.072 Thread 0x000001f50e31d2d0 Thread added: 0x000001f50e31d2d0
Event: 0.354 Thread 0x000001f514dfe110 Thread added: 0x000001f514dfe110
Event: 0.355 Thread 0x000001f514e05dc0 Thread added: 0x000001f514e05dc0


Dynamic libraries:
0x00007ff74e2d0000 - 0x00007ff74e2de000 	C:\Users\brausj\.jdks\openjdk-19.0.1\bin\java.exe
0x00007fff87a50000 - 0x00007fff87c48000 	C:\WINDOWS\SYSTEM32\ntdll.dll
0x00007fff865f0000 - 0x00007fff866ad000 	C:\WINDOWS\System32\KERNEL32.DLL
0x00007fff85210000 - 0x00007fff854de000 	C:\WINDOWS\System32\KERNELBASE.dll
0x00007fff858f0000 - 0x00007fff859f0000 	C:\WINDOWS\System32\ucrtbase.dll
0x00007fff71210000 - 0x00007fff71227000 	C:\Users\brausj\.jdks\openjdk-19.0.1\bin\jli.dll
0x00007fff730b0000 - 0x00007fff730cb000 	C:\Users\brausj\.jdks\openjdk-19.0.1\bin\VCRUNTIME140.dll
0x00007fff86450000 - 0x00007fff865f0000 	C:\WINDOWS\System32\USER32.dll
0x00007fff856b0000 - 0x00007fff856d2000 	C:\WINDOWS\System32\win32u.dll
0x00007fff6fe20000 - 0x00007fff700ba000 	C:\WINDOWS\WinSxS\amd64_microsoft.windows.common-controls_6595b64144ccf1df_6.0.19041.1110_none_60b5254171f9507e\COMCTL32.dll
0x00007fff87550000 - 0x00007fff8757a000 	C:\WINDOWS\System32\GDI32.dll
0x00007fff87480000 - 0x00007fff8751e000 	C:\WINDOWS\System32\msvcrt.dll
0x00007fff856e0000 - 0x00007fff857eb000 	C:\WINDOWS\System32\gdi32full.dll
0x00007fff85170000 - 0x00007fff8520d000 	C:\WINDOWS\System32\msvcp_win.dll
0x00007fff87520000 - 0x00007fff87550000 	C:\WINDOWS\System32\IMM32.DLL
0x00007fff809d0000 - 0x00007fff809dc000 	C:\Users\brausj\.jdks\openjdk-19.0.1\bin\vcruntime140_1.dll
0x00007fff6eb40000 - 0x00007fff6ebce000 	C:\Users\brausj\.jdks\openjdk-19.0.1\bin\msvcp140.dll
0x00007fff527b0000 - 0x00007fff53470000 	C:\Users\brausj\.jdks\openjdk-19.0.1\bin\server\jvm.dll
0x00007fff85b80000 - 0x00007fff85c2e000 	C:\WINDOWS\System32\ADVAPI32.dll
0x00007fff862c0000 - 0x00007fff8635c000 	C:\WINDOWS\System32\sechost.dll
0x00007fff866b0000 - 0x00007fff867d5000 	C:\WINDOWS\System32\RPCRT4.dll
0x00007fff4a9d0000 - 0x00007fff4a9d9000 	C:\WINDOWS\SYSTEM32\WSOCK32.dll
0x00007fff80030000 - 0x00007fff8003a000 	C:\WINDOWS\SYSTEM32\VERSION.dll
0x00007fff7b980000 - 0x00007fff7b9a7000 	C:\WINDOWS\SYSTEM32\WINMM.dll
0x00007fff861d0000 - 0x00007fff8623b000 	C:\WINDOWS\System32\WS2_32.dll
0x00007fff83090000 - 0x00007fff830a2000 	C:\WINDOWS\SYSTEM32\kernel.appcore.dll
0x00007fff730a0000 - 0x00007fff730aa000 	C:\Users\brausj\.jdks\openjdk-19.0.1\bin\jimage.dll
0x00007fff6e290000 - 0x00007fff6e474000 	C:\WINDOWS\SYSTEM32\DBGHELP.DLL
0x00007fff4bde0000 - 0x00007fff4be0c000 	C:\WINDOWS\SYSTEM32\dbgcore.DLL
0x00007fff85a20000 - 0x00007fff85aa2000 	C:\WINDOWS\System32\bcryptPrimitives.dll
0x00007fff6eb00000 - 0x00007fff6eb0e000 	C:\Users\brausj\.jdks\openjdk-19.0.1\bin\instrument.dll
0x00007fff6eb10000 - 0x00007fff6eb36000 	C:\Users\brausj\.jdks\openjdk-19.0.1\bin\java.dll
0x00007fff6ea20000 - 0x00007fff6eaf7000 	C:\Users\brausj\.jdks\openjdk-19.0.1\bin\jsvml.dll
0x00007fff86cd0000 - 0x00007fff87414000 	C:\WINDOWS\System32\SHELL32.dll
0x00007fff83290000 - 0x00007fff83a24000 	C:\WINDOWS\SYSTEM32\windows.storage.dll
0x00007fff87600000 - 0x00007fff87954000 	C:\WINDOWS\System32\combase.dll
0x00007fff84bd0000 - 0x00007fff84c00000 	C:\WINDOWS\SYSTEM32\Wldp.dll
0x00007fff87960000 - 0x00007fff87a0d000 	C:\WINDOWS\System32\SHCORE.dll
0x00007fff863f0000 - 0x00007fff86445000 	C:\WINDOWS\System32\shlwapi.dll
0x00007fff850b0000 - 0x00007fff850cf000 	C:\WINDOWS\SYSTEM32\profapi.dll
0x00007fff6e9c0000 - 0x00007fff6e9d8000 	C:\Users\brausj\.jdks\openjdk-19.0.1\bin\zip.dll
0x00007fff6ea00000 - 0x00007fff6ea13000 	C:\Users\brausj\.jdks\openjdk-19.0.1\bin\net.dll
0x00007fff7f220000 - 0x00007fff7f32a000 	C:\WINDOWS\SYSTEM32\WINHTTP.dll
0x00007fff84930000 - 0x00007fff8499a000 	C:\WINDOWS\system32\mswsock.dll
0x00007fff6e9e0000 - 0x00007fff6e9f6000 	C:\Users\brausj\.jdks\openjdk-19.0.1\bin\nio.dll
0x00007fff6e9a0000 - 0x00007fff6e9ba000 	C:\Users\brausj\AppData\Local\JetBrains\IntelliJ IDEA 2022.2.3\bin\breakgen64.dll
0x00007fff6e990000 - 0x00007fff6e998000 	C:\Users\brausj\.jdks\openjdk-19.0.1\bin\extnet.dll
0x00007fff6e980000 - 0x00007fff6e990000 	C:\Users\brausj\.jdks\openjdk-19.0.1\bin\verify.dll
0x0000000180000000 - 0x0000000180051000 	C:\Users\brausj\Desktop\Rendr-main\Rendr\lib\natives\lwjgl64.dll
0x00007fff18670000 - 0x00007fff18797000 	C:\WINDOWS\SYSTEM32\OPENGL32.dll
0x00007fff184f0000 - 0x00007fff1851c000 	C:\WINDOWS\SYSTEM32\GLU32.dll
0x00007fff7ef50000 - 0x00007fff7effe000 	C:\WINDOWS\SYSTEM32\mscms.dll
0x00007fff85030000 - 0x00007fff8505e000 	C:\WINDOWS\SYSTEM32\USERENV.dll
0x00007fff7f1b0000 - 0x00007fff7f1c1000 	C:\WINDOWS\SYSTEM32\ColorAdapterClient.dll
0x00007fff85ab0000 - 0x00007fff85b7d000 	C:\WINDOWS\System32\OLEAUT32.dll
0x00007fff85de0000 - 0x00007fff85e89000 	C:\WINDOWS\System32\clbcatq.dll
0x00007fff08db0000 - 0x00007fff08df3000 	C:\Windows\System32\Windows.Internal.Graphics.Display.DisplayColorManagement.dll
0x00007fff858a0000 - 0x00007fff858ee000 	C:\WINDOWS\System32\cfgmgr32.dll
0x00007fff82b90000 - 0x00007fff82c2e000 	C:\WINDOWS\system32\uxtheme.dll
0x00007fff860b0000 - 0x00007fff861c5000 	C:\WINDOWS\System32\MSCTF.dll
0x00007fff800d0000 - 0x00007fff801c7000 	C:\Windows\System32\AppXDeploymentClient.dll
0x00007fff4e610000 - 0x00007fff50fa3000 	C:\WINDOWS\System32\DriverStore\FileRepository\nv_dispwi.inf_amd64_c5c61752d6952c21\nvoglv64.dll
0x00007fff86850000 - 0x00007fff86cbf000 	C:\WINDOWS\System32\SETUPAPI.dll
0x00007fff859f0000 - 0x00007fff85a17000 	C:\WINDOWS\System32\bcrypt.dll
0x00007fff85f70000 - 0x00007fff8609a000 	C:\WINDOWS\System32\ole32.dll
0x00007fff809b0000 - 0x00007fff809c4000 	C:\WINDOWS\SYSTEM32\WTSAPI32.dll
0x00007fff84d60000 - 0x00007fff84d72000 	C:\WINDOWS\SYSTEM32\msasn1.dll
0x00007fff7ed70000 - 0x00007fff7eda1000 	C:\WINDOWS\SYSTEM32\cryptnet.dll
0x00007fff854e0000 - 0x00007fff85636000 	C:\WINDOWS\System32\CRYPT32.dll
0x00007fff84b20000 - 0x00007fff84b2c000 	C:\WINDOWS\SYSTEM32\cryptbase.dll
0x00007fff84f20000 - 0x00007fff84f4c000 	C:\WINDOWS\System32\DEVOBJ.dll
0x00007fff85640000 - 0x00007fff856a8000 	C:\WINDOWS\System32\WINTRUST.dll
0x00007fff83b50000 - 0x00007fff83b83000 	C:\WINDOWS\SYSTEM32\ntmarta.dll
0x00007fff7ea50000 - 0x00007fff7ea8b000 	C:\WINDOWS\SYSTEM32\dxcore.dll
0x00007fff82da0000 - 0x00007fff82dcf000 	C:\WINDOWS\SYSTEM32\dwmapi.dll
0x00007fff7c950000 - 0x00007fff7ca49000 	C:\WINDOWS\SYSTEM32\textinputframework.dll
0x00007fff82440000 - 0x00007fff8279e000 	C:\WINDOWS\System32\CoreUIComponents.dll
0x00007fff827a0000 - 0x00007fff82892000 	C:\WINDOWS\System32\CoreMessaging.dll
0x00007fff810e0000 - 0x00007fff81234000 	C:\WINDOWS\SYSTEM32\wintypes.dll
0x00007fff5fc50000 - 0x00007fff5fc93000 	C:\WINDOWS\SYSTEM32\icm32.dll
0x00007fff84740000 - 0x00007fff8478b000 	C:\WINDOWS\SYSTEM32\powrprof.dll
0x00007fff845b0000 - 0x00007fff845c2000 	C:\WINDOWS\SYSTEM32\UMPDC.dll
0x00007fff84080000 - 0x00007fff840da000 	C:\WINDOWS\SYSTEM32\WINSTA.dll
0x00007fff5d6a0000 - 0x00007fff5d830000 	C:\Users\brausj\.jdks\openjdk-19.0.1\bin\awt.dll
0x00007fff829d0000 - 0x00007fff82a60000 	C:\WINDOWS\SYSTEM32\apphelp.dll

dbghelp: loaded successfully - version: 4.0.5 - missing functions: none
symbol engine: initialized successfully - sym options: 0x614 - pdb path: .;C:\Users\brausj\.jdks\openjdk-19.0.1\bin;C:\WINDOWS\SYSTEM32;C:\WINDOWS\WinSxS\amd64_microsoft.windows.common-controls_6595b64144ccf1df_6.0.19041.1110_none_60b5254171f9507e;C:\Users\brausj\.jdks\openjdk-19.0.1\bin\server;C:\Users\brausj\AppData\Local\JetBrains\IntelliJ IDEA 2022.2.3\bin;C:\Users\brausj\Desktop\Rendr-main\Rendr\lib\natives;C:\WINDOWS\System32\DriverStore\FileRepository\nv_dispwi.inf_amd64_c5c61752d6952c21

VM Arguments:
jvm_args: -Djava.library.path=C:\Users\brausj\Desktop\Rendr-main\Rendr\lib\natives -javaagent:C:\Users\brausj\AppData\Local\JetBrains\IntelliJ IDEA 2022.2.3\lib\idea_rt.jar=50877:C:\Users\brausj\AppData\Local\JetBrains\IntelliJ IDEA 2022.2.3\bin -Dfile.encoding=UTF-8 -Dsun.stdout.encoding=UTF-8 -Dsun.stderr.encoding=UTF-8 
java_command: EngineTest.Test2D
java_class_path (initial): C:\Users\brausj\Desktop\Rendr-main\Rendr\out\production\Rendr;C:\Users\brausj\Desktop\Rendr-main\Rendr\lib\jars\lwjgl.jar;C:\Users\brausj\Desktop\Rendr-main\Rendr\lib\jars\lwjgl_util.jar;C:\Users\brausj\Desktop\Rendr-main\Rendr\lib\jars\slick-util.jar
Launcher Type: SUN_STANDARD

[Global flags]
     intx CICompilerCount                          = 4                                         {product} {ergonomic}
     uint ConcGCThreads                            = 2                                         {product} {ergonomic}
     uint G1ConcRefinementThreads                  = 8                                         {product} {ergonomic}
   size_t G1HeapRegionSize                         = 4194304                                   {product} {ergonomic}
    uintx GCDrainStackTargetSize                   = 64                                        {product} {ergonomic}
   size_t InitialHeapSize                          = 532676608                                 {product} {ergonomic}
   size_t MarkStackSize                            = 4194304                                   {product} {ergonomic}
   size_t MaxHeapSize                              = 8518631424                                {product} {ergonomic}
   size_t MaxNewSize                               = 5108662272                                {product} {ergonomic}
   size_t MinHeapDeltaBytes                        = 4194304                                   {product} {ergonomic}
   size_t MinHeapSize                              = 8388608                                   {product} {ergonomic}
    uintx NonNMethodCodeHeapSize                   = 5839372                                {pd product} {ergonomic}
    uintx NonProfiledCodeHeapSize                  = 122909434                              {pd product} {ergonomic}
    uintx ProfiledCodeHeapSize                     = 122909434                              {pd product} {ergonomic}
    uintx ReservedCodeCacheSize                    = 251658240                              {pd product} {ergonomic}
     bool SegmentedCodeCache                       = true                                      {product} {ergonomic}
   size_t SoftMaxHeapSize                          = 8518631424                             {manageable} {ergonomic}
     bool UseCompressedClassPointers               = true                           {product lp64_product} {ergonomic}
     bool UseCompressedOops                        = true                           {product lp64_product} {ergonomic}
     bool UseG1GC                                  = true                                      {product} {ergonomic}
     bool UseLargePagesIndividualAllocation        = false                                  {pd product} {ergonomic}

Logging:
Log output configuration:
 #0: stdout all=warning uptime,level,tags foldmultilines=false
 #1: stderr all=off uptime,level,tags foldmultilines=false

Environment Variables:
PATH=C:\Program Files (x86)\NVIDIA Corporation\PhysX\Common;C:\Program Files (x86)\VMware\VMware Player\bin\;C:\Program Files (x86)\Common Files\Oracle\Java\javapath;C:\ProgramData\Oracle\Java\javapath;C:\Program Files (x86)\Business Objects\Common\3.5\bin\NOTES\;C:\Program Files (x86)\Business Objects\Common\3.5\bin\NOTES\DATA\;C:\Windows\system32;C:\Windows;C:\Windows\System32\Wbem;C:\Windows\System32\WindowsPowerShell\v1.0\;C:\Windows\System32\OpenSSH\;C:\Program Files\Microsoft SQL Server\120\Tools\Binn\;C:\Program Files (x86)\Windows Kits\8.1\Windows Performance Toolkit\;C:\WINDOWS\system32;C:\WINDOWS;C:\WINDOWS\System32\Wbem;C:\WINDOWS\System32\WindowsPowerShell\v1.0\;C:\WINDOWS\System32\OpenSSH\;C:\Program Files\Microsoft SQL Server\Client SDK\ODBC\110\Tools\Binn\;C:\Program Files (x86)\Microsoft SQL Server\120\Tools\Binn\;C:\Program Files\Microsoft SQL Server\120\DTS\Binn\;C:\Siemens\NX1953\CAPITALINTEGRATION\capitalnxremote\;C:\Program Files\MATLAB\R2022a\runtime\win64;C:\Program Files\MATLAB\R2022a\bin;C:\Program Files\dotnet\;C:\Siemens\NX1980\CAPITALINTEGRATION\capitalnxremote\;C:\Users\brausj\AppData\Local\Microsoft\WindowsApps
USERNAME=brausj
OS=Windows_NT
PROCESSOR_IDENTIFIER=Intel64 Family 6 Model 85 Stepping 4, GenuineIntel
TMP=C:\Users\brausj\AppData\Local\Temp
TEMP=C:\Users\brausj\AppData\Local\Temp



---------------  S Y S T E M  ---------------

OS:
 Windows 10 , 64 bit Build 19041 (10.0.19041.1889)
OS uptime: 0 days 1:01 hours

CPU: total 8 (initial active 8) (4 cores per cpu, 2 threads per core) family 6 model 85 stepping 4 microcode 0x200005e, cx8, cmov, fxsr, ht, mmx, 3dnowpref, sse, sse2, sse3, ssse3, sse4.1, sse4.2, popcnt, lzcnt, tsc, tscinvbit, avx, avx2, aes, erms, clmul, bmi1, bmi2, rtm, adx, fma, vzeroupper, clflush, clflushopt, clwb, rdtscp

Memory: 4k page, system-wide physical 32487M (23709M free)
TotalPageFile size 37351M (AvailPageFile size 25570M)
current process WorkingSet (physical memory assigned to process): 86M, peak: 88M
current process commit charge ("private bytes"): 663M, peak: 663M

vm_info: OpenJDK 64-Bit Server VM (19.0.1+10-21) for windows-amd64 JRE (19.0.1+10-21), built on 2022-09-14T12:45:06Z by "mach5one" with MS VC++ 17.1 (VS2022)

END.
